<?xml version="1.0" encoding="UTF-8"?>
<!-- Generated by org.testng.reporters.JUnitReportReporter -->
<testsuite hostname="Surendra" name="com.cisco.gsx.testsuites.GSX" tests="23" failures="0" timestamp="27 Jul 2018 10:27:21 GMT" time="1064.014" errors="0">
  <testcase name="verifyBuildYourScheduletittle" time="40.662" classname="com.cisco.gsx.testsuites.GSX"/>
  <testcase name="verifyActivityRecommendationstittle" time="47.051" classname="com.cisco.gsx.testsuites.GSX"/>
  <testcase name="verifyTheHubSellerEnablementTittle" time="31.664" classname="com.cisco.gsx.testsuites.GSX"/>
  <testcase name="verifyTheHubCiscoShowcaseTittle" time="38.304" classname="com.cisco.gsx.testsuites.GSX"/>
  <testcase name="verifyMyActivitiestittle" time="46.913" classname="com.cisco.gsx.testsuites.GSX"/>
  <testcase name="verifymyProfileHotel" time="67.255" classname="com.cisco.gsx.testsuites.GSX"/>
  <testcase name="verifySessionRecommendationstittle" time="52.314" classname="com.cisco.gsx.testsuites.GSX"/>
  <testcase name="verifymyProfileEdit" time="72.725" classname="com.cisco.gsx.testsuites.GSX"/>
  <testcase name="verifymyProfileQuestion" time="79.165" classname="com.cisco.gsx.testsuites.GSX"/>
  <testcase name="verifymyProfileTravel" time="77.668" classname="com.cisco.gsx.testsuites.GSX"/>
  <testcase name="verifyLearningCurriculumtittle" time="58.438" classname="com.cisco.gsx.testsuites.GSX"/>
  <testcase name="verifyTheHubAfterHoursTittle" time="33.522" classname="com.cisco.gsx.testsuites.GSX"/>
  <testcase name="verifyTheHubTheWinRoomTittle" time="37.796" classname="com.cisco.gsx.testsuites.GSX"/>
  <testcase name="verifyMySurveystittle" time="49.449" classname="com.cisco.gsx.testsuites.GSX"/>
  <testcase name="verifyTheHubTittle" time="34.635" classname="com.cisco.gsx.testsuites.GSX"/>
  <testcase name="verifymyCalendertittle" time="47.045" classname="com.cisco.gsx.testsuites.GSX"/>
  <testcase name="verifyTheHubCultureTittle" time="38.916" classname="com.cisco.gsx.testsuites.GSX"/>
  <testcase name="verifyTheHubInnovateParkTittle" time="32.451" classname="com.cisco.gsx.testsuites.GSX"/>
  <testcase name="verifyFAQandPolicies" time="35.896" classname="com.cisco.gsx.testsuites.GSX"/>
  <testcase name="verifyViewtheweek" time="35.857" classname="com.cisco.gsx.testsuites.GSX"/>
  <testcase name="verifyTheHubPartnerShowcaseTittle" time="32.573" classname="com.cisco.gsx.testsuites.GSX"/>
  <testcase name="verifySeetheFinalists" time="36.135" classname="com.cisco.gsx.testsuites.GSX"/>
  <testcase name="verifyMyGSXtittle" time="37.580" classname="com.cisco.gsx.testsuites.GSX"/>
</testsuite> <!-- com.cisco.gsx.testsuites.GSX -->
